Build started 9/19/2024 2:21:11 PM.
Project "C:\Eric\Main\AINews\AINews.csproj" on node 1 (default targets).
GenerateTargetFrameworkMonikerAttribute:
Skipping target "GenerateTargetFrameworkMonikerAttribute" because all output files are up-to-date with respect to the input files.
CoreCompile:
  C:\Windows\Microsoft.NET\Framework\v4.0.30319\Csc.exe /noconfig /nowarn:1701,1702 /nostdlib+ /platform:x64 /errorreport:prompt /warn:4 /highentropyva+ /reference:"C:\Program Files (x86)\Reference Assemblies\Microsoft\Framework\.NETFramework\v4.7.2\Microsoft.CSharp.dll" /reference:"C:\Program Files (x86)\Reference Assemblies\Microsoft\Framework\.NETFramework\v4.7.2\mscorlib.dll" /reference:"C:\Program Files (x86)\Reference Assemblies\Microsoft\Framework\.NETFramework\v4.7.2\System.Core.dll" /reference:"C:\Program Files (x86)\Reference Assemblies\Microsoft\Framework\.NETFramework\v4.7.2\System.dll" /reference:"C:\Program Files (x86)\Reference Assemblies\Microsoft\Framework\.NETFramework\v4.7.2\System.Drawing.dll" /reference:"C:\Program Files (x86)\Reference Assemblies\Microsoft\Framework\.NETFramework\v4.7.2\System.Windows.Forms.dll" /debug- /filealign:512 /optimize+ /out:obj\Release\AINews.exe /subsystemversion:6.00 /target:winexe /utf8output \Eric\Main\CsHtml\NonAscii.cs \Eric\Main\CsHtml\WordDct.cs \Eric\Main\CsHtml\WordDctLine.cs \Eric\Main\CsHtml\Word.cs \Eric\Main\CsMath\MathF.cs \Eric\Main\CsMath\VectorArray.cs \Eric\Main\CsMath\MatrixFlt.cs \Eric\Main\CsMath\VectorFlt.cs \Eric\Main\CsNeural\NeuralNet.cs \Eric\Main\CsNeural\NeuronLayer.cs \Eric\Main\CsNeural\Neuron.cs \Eric\Main\CsGui\RecBtn.cs \Eric\Main\CsGui\GuiMain.cs \Eric\Main\CsHtml\StoryDct.cs \Eric\Main\CsHtml\StoryDctLine.cs \Eric\Main\CsHtml\Story.cs \Eric\Main\CsHtml\Ampersand.cs \Eric\Main\CsHtml\GoodLink.cs UrlParse.cs \Eric\Main\CsBase\SBuilder.cs \Eric\Main\CsHtml\Html.cs \Eric\Main\CsBase\TimeEC.cs Configure.cs \Eric\Main\CsBase\ByteHex.cs \Eric\Main\CsBase\ByteBuf.cs \Eric\Main\CsMem\ByteArray.cs \Eric\Main\CsMem\Uint32Array.cs \Eric\Main\CsCrypto\Sha256.cs \Eric\Main\CsBase\RangeT.cs \Eric\Main\CsBase\Str.cs \Eric\Main\CsBase\StrAr.cs MarkersAI.cs URLFileDct.cs URLFileDctLine.cs URLFile.cs \Eric\Main\CsBase\SysIO.cs MainData.cs MainFormComp.cs Program.cs MainForm.cs "C:\Users\EricC\AppData\Local\Temp\.NETFramework,Version=v4.7.2.AssemblyAttributes.cs"
c:\Eric\Main\CsHtml\StoryDct.cs(574,17): error CS1061: 'VectorArray' does not contain a definition for 'appendOneVal' and no extension method 'appendOneVal' accepting a first argument of type 'VectorArray' could be found (are you missing a using directive or an assembly reference?) [C:\Eric\Main\AINews\AINews.csproj]
Done Building Project "C:\Eric\Main\AINews\AINews.csproj" (default targets) -- FAILED.

Build FAILED.

"C:\Eric\Main\AINews\AINews.csproj" (default target) (1) ->
(CoreCompile target) -> 
  c:\Eric\Main\CsHtml\StoryDct.cs(574,17): error CS1061: 'VectorArray' does not contain a definition for 'appendOneVal' and no extension method 'appendOneVal' accepting a first argument of type 'VectorArray' could be found (are you missing a using directive or an assembly reference?) [C:\Eric\Main\AINews\AINews.csproj]

    0 Warning(s)
    1 Error(s)

Time Elapsed 00:00:00.51
